method = sample (Default)
  sample
    num_samples = 1500
    num_warmup = 500
    save_warmup = 0 (Default)
    thin = 1 (Default)
    adapt
      engaged = 1 (Default)
      gamma = 0.050000000000000003 (Default)
      delta = 0.80000000000000004 (Default)
      kappa = 0.75 (Default)
      t0 = 10 (Default)
      init_buffer = 75 (Default)
      term_buffer = 50 (Default)
      window = 25 (Default)
    algorithm = hmc (Default)
      hmc
        engine = nuts (Default)
          nuts
            max_depth = 10 (Default)
        metric = diag_e (Default)
        metric_file =  (Default)
        stepsize = 1 (Default)
        stepsize_jitter = 0 (Default)
    num_chains = 1 (Default)
id = 1 (Default)
data
  file = datafiles/Bcell_Imm.Rdump
init = 2 (Default)
random
  seed = 3507595840 (Default)
output
  file = save_csv/Linear_timeinflux1_4.csv
  diagnostic_file =  (Default)
  refresh = 100 (Default)
  sig_figs = -1 (Default)
  profile_file = profile.csv (Default)
num_threads = 1 (Default)

method = sample (Default)
  sample
method = sample (Default)
  sample
    num_samples = 1500
method = sample (Default)
  sample
    num_samples = 1500
    num_warmup = 500
    save_warmup = 0 (Default)
    thin = 1 (Default)
    num_samples = 1500
    num_warmup = 500
    adapt
    save_warmup = 0 (Default)
    thin = 1 (Default)
    num_warmup = 500
    save_warmup = 0 (Default)
    adapt
      engaged = 1 (Default)
      gamma = 0.050000000000000003 (Default)
      delta = 0.80000000000000004 (Default)
      engaged = 1 (Default)
      kappa = 0.75 (Default)
      t0 = 10 (Default)
    thin = 1 (Default)
    adapt
      engaged = 1 (Default)
      init_buffer = 75 (Default)
      gamma = 0.050000000000000003 (Default)
      delta = 0.80000000000000004 (Default)
      term_buffer = 50 (Default)
      window = 25 (Default)
    algorithm = hmc (Default)
      hmc
        engine = nuts (Default)
          nuts
            max_depth = 10 (Default)
        metric = diag_e (Default)
      kappa = 0.75 (Default)
      t0 = 10 (Default)
      init_buffer = 75 (Default)
      term_buffer = 50 (Default)
      window = 25 (Default)
    algorithm = hmc (Default)
      hmc
        engine = nuts (Default)
        metric_file =  (Default)
        stepsize = 1 (Default)
        stepsize_jitter = 0 (Default)
    num_chains = 1 (Default)
id = 1 (Default)
data
  file = datafiles/Bcell_Imm.Rdump
init = 2 (Default)
random
  seed = 3507595840 (Default)
output
          nuts
  file = save_csv/Linear_timeinflux1_1.csv
  diagnostic_file =  (Default)
  refresh = 100 (Default)
  sig_figs = -1 (Default)
  profile_file = profile.csv (Default)
num_threads = 1 (Default)

      gamma = 0.050000000000000003 (Default)
      delta = 0.80000000000000004 (Default)
            max_depth = 10 (Default)
        metric = diag_e (Default)
        metric_file =  (Default)
        stepsize = 1 (Default)
        stepsize_jitter = 0 (Default)
    num_chains = 1 (Default)
id = 1 (Default)
      kappa = 0.75 (Default)
      t0 = 10 (Default)
      init_buffer = 75 (Default)
data
  file = datafiles/Bcell_Imm.Rdump
init = 2 (Default)
random
      term_buffer = 50 (Default)
  seed = 3507595840 (Default)
output
  file = save_csv/Linear_timeinflux1_3.csv
  diagnostic_file =  (Default)
  refresh = 100 (Default)
  sig_figs = -1 (Default)
  profile_file = profile.csv (Default)
num_threads = 1 (Default)

      window = 25 (Default)
    algorithm = hmc (Default)
      hmc
        engine = nuts (Default)
          nuts
            max_depth = 10 (Default)
        metric = diag_e (Default)
        metric_file =  (Default)
        stepsize = 1 (Default)
        stepsize_jitter = 0 (Default)
    num_chains = 1 (Default)
id = 1 (Default)
data
  file = datafiles/Bcell_Imm.Rdump
init = 2 (Default)
random
  seed = 3507595840 (Default)
output
  file = save_csv/Linear_timeinflux1_2.csv
  diagnostic_file =  (Default)
  refresh = 100 (Default)
  sig_figs = -1 (Default)
  profile_file = profile.csv (Default)
num_threads = 1 (Default)

Rejecting initial value:
  Gradient evaluated at the initial value is not finite.
  Stan can't start sampling from this initial value.
Rejecting initial value:
  Gradient evaluated at the initial value is not finite.
Rejecting initial value:
  Stan can't start sampling from this initial value.
  Gradient evaluated at the initial value is not finite.
  Stan can't start sampling from this initial value.
Rejecting initial value:
  Gradient evaluated at the initial value is not finite.
  Stan can't start sampling from this initial value.
Exception: normal_lpdf: Location parameter[39] is nan, but must be finite! (in 'Bcell_fate_imm_resp/stan_models/Linear_timeinflux1.stan', line 148, column 2 to column 62)
Exception: normal_lpdf: Location parameter[39] is nan, but must be finite! (in 'Bcell_fate_imm_resp/stan_models/Linear_timeinflux1.stan', line 148, column 2 to column 62)
Exception: normal_lpdf: Location parameter[39] is nan, but must be finite! (in 'Bcell_fate_imm_resp/stan_models/Linear_timeinflux1.stan', line 148, column 2 to column 62)
Exception: normal_lpdf: Location parameter[39] is nan, but must be finite! (in 'Bcell_fate_imm_resp/stan_models/Linear_timeinflux1.stan', line 148, column 2 to column 62)
